1497381050629	geckodriver	INFO	Listening on 127.0.0.1:61182
1497381060875	geckodriver	INFO	Listening on 127.0.0.1:61232
1497382042957	geckodriver	INFO	Listening on 127.0.0.1:65007
1497382048198	geckodriver::marionette	INFO	Starting browser /Applications/Firefox.app/Contents/MacOS/firefox-bin with args ["-marionette"]
1497382052746	Marionette	INFO	Listening on port 65016
1497382053500	Marionette	WARN	TLS certificate errors will be ignored for this session
1497382075384	Marionette	INFO	New connections will no longer be accepted
[Child 38214] ###!!! ABORT: Aborting on channel error.: file /builds/slave/m-rel-m64-00000000000000000000/build/src/ipc/glue/MessageChannel.cpp, line 2143
[Child 38214] ###!!! ABORT: Aborting on channel error.: file /builds/slave/m-rel-m64-00000000000000000000/build/src/ipc/glue/MessageChannel.cpp, line 2143
1497382114143	geckodriver	INFO	Listening on 127.0.0.1:65148
Invalid connection: com.apple.coresymbolicationd
1497382123744	geckodriver::marionette	INFO	Starting browser /Applications/Firefox.app/Contents/MacOS/firefox-bin with args ["-marionette"]
1497382165074	Marionette	INFO	Listening on port 65163
1497382166267	Marionette	WARN	TLS certificate errors will be ignored for this session
2017-06-13 19:29:28.340 plugin-container[38520:893293] *** CFMessagePort: bootstrap_register(): failed 1100 (0x44c) 'Permission denied', port = 0x962f, name = 'com.apple.tsm.portname'
See /usr/include/servers/bootstrap_defs.h for the error codes.
2017-06-13 19:29:28.353 plugin-container[38520:893293] *** CFMessagePort: bootstrap_register(): failed 1100 (0x44c) 'Permission denied', port = 0x9903, name = 'com.apple.CFPasteboardClient'
See /usr/include/servers/bootstrap_defs.h for the error codes.
1497382171383	Marionette	INFO	New connections will no longer be accepted
JavaScript error: resource://app/modules/FormValidationHandler.jsm, line 99: TypeError: this._panel is null
console.error: 
  Could not write session state file 
  Message: Unix error 2 during operation open on file /var/folders/wr/n60vvsv96gs6357v8mr1sc1h0000gn/T/rust_mozprofile.A7wJX8ZfV6FH/sessionstore.js.tmp (No such file or directory)
  
JavaScript error: resource:///modules/FormSubmitObserver.jsm, line 223: TypeError: this._mm is null
1497382310788	geckodriver	INFO	Listening on 127.0.0.1:49624
1497382316137	geckodriver::marionette	INFO	Starting browser /Applications/Firefox.app/Contents/MacOS/firefox-bin with args ["-marionette"]
1497382323836	Marionette	INFO	Listening on port 49633
1497382324117	Marionette	WARN	TLS certificate errors will be ignored for this session
2017-06-13 19:32:05.025 plugin-container[38661:896238] *** CFMessagePort: bootstrap_register(): failed 1100 (0x44c) 'Permission denied', port = 0x963b, name = 'com.apple.tsm.portname'
See /usr/include/servers/bootstrap_defs.h for the error codes.
2017-06-13 19:32:05.033 plugin-container[38661:896238] *** CFMessagePort: bootstrap_register(): failed 1100 (0x44c) 'Permission denied', port = 0x9903, name = 'com.apple.CFPasteboardClient'
See /usr/include/servers/bootstrap_defs.h for the error codes.
1497382365333	geckodriver	INFO	Listening on 127.0.0.1:49795
1497382366648	geckodriver::marionette	INFO	Starting browser /Applications/Firefox.app/Contents/MacOS/firefox-bin with args ["-marionette"]
1497382372507	Marionette	INFO	Listening on port 49804
1497382372706	Marionette	WARN	TLS certificate errors will be ignored for this session
2017-06-13 19:32:57.236 plugin-container[38708:897109] *** CFMessagePort: bootstrap_register(): failed 1100 (0x44c) 'Permission denied', port = 0x9437, name = 'com.apple.tsm.portname'
See /usr/include/servers/bootstrap_defs.h for the error codes.
2017-06-13 19:32:57.242 plugin-container[38708:897109] *** CFMessagePort: bootstrap_register(): failed 1100 (0x44c) 'Permission denied', port = 0x9803, name = 'com.apple.CFPasteboardClient'
See /usr/include/servers/bootstrap_defs.h for the error codes.
1497382380774	Marionette	INFO	New connections will no longer be accepted
1497382401894	geckodriver	INFO	Listening on 127.0.0.1:49954
1497382408135	geckodriver::marionette	INFO	Starting browser /Applications/Firefox.app/Contents/MacOS/firefox-bin with args ["-marionette"]
1497382418915	Marionette	INFO	Listening on port 49963
1497382419189	Marionette	WARN	TLS certificate errors will be ignored for this session
2017-06-13 19:33:40.488 plugin-container[38748:898299] *** CFMessagePort: bootstrap_register(): failed 1100 (0x44c) 'Permission denied', port = 0x912f, name = 'com.apple.tsm.portname'
See /usr/include/servers/bootstrap_defs.h for the error codes.
2017-06-13 19:33:40.498 plugin-container[38748:898299] *** CFMessagePort: bootstrap_register(): failed 1100 (0x44c) 'Permission denied', port = 0x9403, name = 'com.apple.CFPasteboardClient'
See /usr/include/servers/bootstrap_defs.h for the error codes.
1497382424054	Marionette	INFO	New connections will no longer be accepted
1497382474158	geckodriver	INFO	Listening on 127.0.0.1:50210
1497382480051	geckodriver::marionette	INFO	Starting browser /Applications/Firefox.app/Contents/MacOS/firefox-bin with args ["-marionette"]
1497382485471	Marionette	INFO	Listening on port 50219
1497382485636	Marionette	WARN	TLS certificate errors will be ignored for this session
2017-06-13 19:34:46.795 plugin-container[38816:899895] *** CFMessagePort: bootstrap_register(): failed 1100 (0x44c) 'Permission denied', port = 0x9137, name = 'com.apple.tsm.portname'
See /usr/include/servers/bootstrap_defs.h for the error codes.
2017-06-13 19:34:46.810 plugin-container[38816:899895] *** CFMessagePort: bootstrap_register(): failed 1100 (0x44c) 'Permission denied', port = 0x9407, name = 'com.apple.CFPasteboardClient'
See /usr/include/servers/bootstrap_defs.h for the error codes.
1497382489028	Marionette	INFO	New connections will no longer be accepted
1497450836739	geckodriver	INFO	Listening on 127.0.0.1:59323
1497450837764	geckodriver::marionette	INFO	Starting browser /Applications/Firefox.app/Contents/MacOS/firefox-bin with args ["-marionette"]
1497450843075	Marionette	INFO	Listening on port 59332
1497450843252	Marionette	WARN	TLS certificate errors will be ignored for this session
2017-06-14 14:34:04.177 plugin-container[42633:989718] *** CFMessagePort: bootstrap_register(): failed 1100 (0x44c) 'Permission denied', port = 0x912f, name = 'com.apple.tsm.portname'
See /usr/include/servers/bootstrap_defs.h for the error codes.
2017-06-14 14:34:04.181 plugin-container[42633:989718] *** CFMessagePort: bootstrap_register(): failed 1100 (0x44c) 'Permission denied', port = 0x9403, name = 'com.apple.CFPasteboardClient'
See /usr/include/servers/bootstrap_defs.h for the error codes.
1497450844402	Marionette	INFO	New connections will no longer be accepted
1497450887028	geckodriver	INFO	Listening on 127.0.0.1:59459
1497450888038	geckodriver::marionette	INFO	Starting browser /Applications/Firefox.app/Contents/MacOS/firefox-bin with args ["-marionette"]
1497450892643	Marionette	INFO	Listening on port 59468
1497450892811	Marionette	WARN	TLS certificate errors will be ignored for this session
2017-06-14 14:34:53.593 plugin-container[42697:990961] *** CFMessagePort: bootstrap_register(): failed 1100 (0x44c) 'Permission denied', port = 0x923b, name = 'com.apple.tsm.portname'
See /usr/include/servers/bootstrap_defs.h for the error codes.
2017-06-14 14:34:53.595 plugin-container[42697:990961] *** CFMessagePort: bootstrap_register(): failed 1100 (0x44c) 'Permission denied', port = 0x9503, name = 'com.apple.CFPasteboardClient'
See /usr/include/servers/bootstrap_defs.h for the error codes.
1497450893933	Marionette	INFO	New connections will no longer be accepted
1497451016280	geckodriver	INFO	Listening on 127.0.0.1:59624
1497451019119	geckodriver::marionette	INFO	Starting browser /Applications/Firefox.app/Contents/MacOS/firefox-bin with args ["-marionette"]
1497451023916	Marionette	INFO	Listening on port 59633
1497451024101	Marionette	WARN	TLS certificate errors will be ignored for this session
2017-06-14 14:37:05.039 plugin-container[42773:992908] *** CFMessagePort: bootstrap_register(): failed 1100 (0x44c) 'Permission denied', port = 0x913b, name = 'com.apple.tsm.portname'
See /usr/include/servers/bootstrap_defs.h for the error codes.
2017-06-14 14:37:05.043 plugin-container[42773:992908] *** CFMessagePort: bootstrap_register(): failed 1100 (0x44c) 'Permission denied', port = 0x9403, name = 'com.apple.CFPasteboardClient'
See /usr/include/servers/bootstrap_defs.h for the error codes.
1497451026429	Marionette	INFO	New connections will no longer be accepted
